<?xml version="1.0" encoding="UTF-8"?>
<!-- Generated by org.testng.reporters.JUnitXMLReporter -->
<testsuite hostname="LAPTOP-OO14C4N6" ignored="0" name="Default test" tests="4" failures="0" timestamp="28 Nov 2018 22:57:01 GMT" time="21.82" errors="0">
  <testcase name="clickOnLoginButton" time="0.231" classname="wattpadtest.ReadABook"/>
  <testcase name="testLoginWithValidCredentials" time="3.868" classname="wattpadtest.ReadABook"/>
  <testcase name="clickOnProfile" time="0.439" classname="wattpadtest.ReadABook"/>
  <testcase name="readBook" time="2.417" classname="wattpadtest.ReadABook"/>
</testsuite> <!-- Default test -->
