<?xml version="1.0" encoding="UTF-8"?>
<testng-results skipped="0" failed="0" ignored="0" total="4" passed="4">
  <reporter-output>
  </reporter-output>
  <suite name="Default suite" duration-ms="21820" started-at="2018-11-28T22:56:39Z" finished-at="2018-11-28T22:57:01Z">
    <groups>
    </groups>
    <test name="Default test" duration-ms="21820" started-at="2018-11-28T22:56:39Z" finished-at="2018-11-28T22:57:01Z">
      <class name="wattpadtest.ReadABook">
        <test-method status="PASS" signature="beforeMethodInBase(java.lang.String)[pri:0, instance:wattpadtest.ReadABook@3532ec19]" name="beforeMethodInBase" is-config="true" duration-ms="7677" started-at="2018-11-28T22:56:39Z" finished-at="2018-11-28T22:56:47Z">
          <params>
            <param index="0">
              <value>
                <![CDATA[chrome]]>
              </value>
            </param>
          </params>
          <reporter-output>
          </reporter-output>
        </test-method> <!-- beforeMethodInBase -->
        <test-method status="PASS" signature="setUp()[pri:0, instance:wattpadtest.ReadABook@3532ec19]" name="setUp" is-config="true" duration-ms="56" started-at="2018-11-28T22:56:47Z" finished-at="2018-11-28T22:56:47Z">
          <reporter-output>
          </reporter-output>
        </test-method> <!-- setUp -->
        <test-method status="PASS" signature="clickOnLoginButton()[pri:1, instance:wattpadtest.ReadABook@3532ec19]" name="clickOnLoginButton" duration-ms="231" started-at="2018-11-28T22:56:47Z" finished-at="2018-11-28T22:56:47Z">
          <reporter-output>
          </reporter-output>
        </test-method> <!-- clickOnLoginButton -->
        <test-method status="PASS" signature="setUp()[pri:0, instance:wattpadtest.ReadABook@3532ec19]" name="setUp" is-config="true" duration-ms="1" started-at="2018-11-28T22:56:47Z" finished-at="2018-11-28T22:56:47Z">
          <reporter-output>
          </reporter-output>
        </test-method> <!-- setUp -->
        <test-method status="PASS" signature="testLoginWithValidCredentials()[pri:2, instance:wattpadtest.ReadABook@3532ec19]" name="testLoginWithValidCredentials" duration-ms="3868" started-at="2018-11-28T22:56:47Z" finished-at="2018-11-28T22:56:51Z">
          <reporter-output>
          </reporter-output>
        </test-method> <!-- testLoginWithValidCredentials -->
        <test-method status="PASS" signature="setUp()[pri:0, instance:wattpadtest.ReadABook@3532ec19]" name="setUp" is-config="true" duration-ms="1" started-at="2018-11-28T22:56:51Z" finished-at="2018-11-28T22:56:51Z">
          <reporter-output>
          </reporter-output>
        </test-method> <!-- setUp -->
        <test-method status="PASS" signature="clickOnProfile()[pri:3, instance:wattpadtest.ReadABook@3532ec19]" name="clickOnProfile" duration-ms="439" started-at="2018-11-28T22:56:51Z" finished-at="2018-11-28T22:56:51Z">
          <reporter-output>
          </reporter-output>
        </test-method> <!-- clickOnProfile -->
        <test-method status="PASS" signature="setUp()[pri:0, instance:wattpadtest.ReadABook@3532ec19]" name="setUp" is-config="true" duration-ms="1" started-at="2018-11-28T22:56:51Z" finished-at="2018-11-28T22:56:51Z">
          <reporter-output>
          </reporter-output>
        </test-method> <!-- setUp -->
        <test-method status="PASS" signature="readBook()[pri:4, instance:wattpadtest.ReadABook@3532ec19]" name="readBook" duration-ms="2417" started-at="2018-11-28T22:56:51Z" finished-at="2018-11-28T22:56:54Z">
          <reporter-output>
          </reporter-output>
        </test-method> <!-- readBook -->
        <test-method status="PASS" signature="teardown()[pri:0, instance:wattpadtest.ReadABook@3532ec19]" name="teardown" is-config="true" duration-ms="7087" started-at="2018-11-28T22:56:54Z" finished-at="2018-11-28T22:57:01Z">
          <reporter-output>
          </reporter-output>
        </test-method> <!-- teardown -->
      </class> <!-- wattpadtest.ReadABook -->
    </test> <!-- Default test -->
  </suite> <!-- Default suite -->
</testng-results>
