<?xml version="1.0" encoding="UTF-8"?>
<!-- Generated by org.testng.reporters.JUnitXMLReporter -->
<testsuite hostname="LAPTOP-OO14C4N6" ignored="0" name="ReadABook" tests="4" failures="0" timestamp="28 Nov 2018 02:07:53 GMT" time="0.087" errors="0">
  <testcase name="@BeforeClass setUp" time="0.042" classname="wattpadtest.ReadABook">
    <failure type="java.lang.NullPointerException">
      <![CDATA[java.lang.NullPointerException
at org.openqa.selenium.support.pagefactory.DefaultElementLocator.findElement(DefaultElementLocator.java:69)
at org.openqa.selenium.support.pagefactory.internal.LocatingElementHandler.invoke(LocatingElementHandler.java:38)
at com.sun.proxy.$Proxy11.click(Unknown Source)
at wattpadPages.HomePage.clickOnLoginLink(HomePage.java:26)
at wattpadtest.ReadABook.setUp(ReadABook.java:40)
... Removed 26 stack frames]]>
    </failure>
  </testcase> <!-- @BeforeClass setUp -->
  <testcase name="@BeforeMethod beforeMethodInBase" time="0.0" classname="wattpadtest.BaseTest">
    <skipped/>
  </testcase> <!-- @BeforeMethod beforeMethodInBase -->
  <testcase name="@BeforeMethod beforeMethodInBase" time="0.0" classname="wattpadtest.BaseTest">
    <skipped/>
  </testcase> <!-- @BeforeMethod beforeMethodInBase -->
  <testcase name="@BeforeMethod beforeMethodInBase" time="0.0" classname="wattpadtest.BaseTest">
    <skipped/>
  </testcase> <!-- @BeforeMethod beforeMethodInBase -->
  <testcase name="@BeforeMethod beforeMethodInBase" time="0.0" classname="wattpadtest.BaseTest">
    <skipped/>
  </testcase> <!-- @BeforeMethod beforeMethodInBase -->
  <testcase name="@AfterClass teardown" time="0.0" classname="wattpadtest.ReadABook">
    <skipped/>
  </testcase> <!-- @AfterClass teardown -->
  <testcase name="clickOnLoginButton" time="0.0" classname="wattpadtest.ReadABook">
    <skipped/>
  </testcase> <!-- clickOnLoginButton -->
  <testcase name="testLoginWithValidCredentials" time="0.0" classname="wattpadtest.ReadABook">
    <skipped/>
  </testcase> <!-- testLoginWithValidCredentials -->
  <testcase name="clickOnProfile" time="0.0" classname="wattpadtest.ReadABook">
    <skipped/>
  </testcase> <!-- clickOnProfile -->
  <testcase name="readBook" time="0.0" classname="wattpadtest.ReadABook">
    <skipped/>
  </testcase> <!-- readBook -->
</testsuite> <!-- ReadABook -->
